{"D:\\Project\\Final\\CS3604-project\\src\\app.ts": {"path":"D:\\Project\\Final\\CS3604-project\\src\\app.ts","statementMap":{"0":{"start":{"line":1,"column":0},"end":{"line":1,"column":67}},"1":{"start":{"line":2,"column":0},"end":{"line":2,"column":54}},"2":{"start":{"line":4,"column":12},"end":{"line":4,"column":21}},"3":{"start":{"line":5,"column":0},"end":{"line":5,"column":24}},"4":{"start":{"line":8,"column":0},"end":{"line":8,"column":30}},"5":{"start":{"line":11,"column":0},"end":{"line":14,"column":3}},"6":{"start":{"line":12,"column":2},"end":{"line":12,"column":27}},"7":{"start":{"line":13,"column":2},"end":{"line":13,"column":84}},"8":{"start":{"line":16,"column":0},"end":{"line":16,"column":19}}},"fnMap":{"0":{"name":"(anonymous_1)","decl":{"start":{"line":11,"column":8},"end":{"line":11,"column":9}},"loc":{"start":{"line":11,"column":72},"end":{"line":14,"column":1}}}},"branchMap":{},"s":{"0":1,"1":1,"2":1,"3":1,"4":1,"5":1,"6":1,"7":1,"8":1},"f":{"0":1},"b":{}}
,"D:\\Project\\Final\\CS3604-project\\src\\controllers\\ticket.controller.ts": {"path":"D:\\Project\\Final\\CS3604-project\\src\\controllers\\ticket.controller.ts","statementMap":{"0":{"start":{"line":7,"column":0},"end":{"line":7,"column":59}},"1":{"start":{"line":33,"column":4},"end":{"line":69,"column":5}},"2":{"start":{"line":35,"column":83},"end":{"line":35,"column":92}},"3":{"start":{"line":38,"column":6},"end":{"line":41,"column":7}},"4":{"start":{"line":39,"column":8},"end":{"line":39,"column":144}},"5":{"start":{"line":40,"column":8},"end":{"line":40,"column":15}},"6":{"start":{"line":44,"column":24},"end":{"line":44,"column":45}},"7":{"start":{"line":45,"column":6},"end":{"line":48,"column":7}},"8":{"start":{"line":46,"column":10},"end":{"line":46,"column":122}},"9":{"start":{"line":47,"column":10},"end":{"line":47,"column":17}},"10":{"start":{"line":51,"column":35},"end":{"line":59,"column":8}},"11":{"start":{"line":62,"column":21},"end":{"line":62,"column":64}},"12":{"start":{"line":65,"column":6},"end":{"line":65,"column":35}},"13":{"start":{"line":68,"column":6},"end":{"line":68,"column":18}},"14":{"start":{"line":22,"column":0},"end":{"line":22,"column":13}}},"fnMap":{"0":{"name":"(anonymous_7)","decl":{"start":{"line":32,"column":9},"end":{"line":32,"column":15}},"loc":{"start":{"line":32,"column":80},"end":{"line":70,"column":null}}}},"branchMap":{"0":{"loc":{"start":{"line":38,"column":6},"end":{"line":41,"column":7}},"type":"if","locations":[{"start":{"line":38,"column":6},"end":{"line":41,"column":7}},{"start":{},"end":{}}]},"1":{"loc":{"start":{"line":38,"column":10},"end":{"line":38,"column":45}},"type":"binary-expr","locations":[{"start":{"line":38,"column":10},"end":{"line":38,"column":22}},{"start":{"line":38,"column":26},"end":{"line":38,"column":36}},{"start":{"line":38,"column":40},"end":{"line":38,"column":45}}]},"2":{"loc":{"start":{"line":45,"column":6},"end":{"line":48,"column":7}},"type":"if","locations":[{"start":{"line":45,"column":6},"end":{"line":48,"column":7}},{"start":{},"end":{}}]},"3":{"loc":{"start":{"line":55,"column":20},"end":{"line":55,"column":86}},"type":"cond-expr","locations":[{"start":{"line":55,"column":53},"end":{"line":55,"column":74}},{"start":{"line":55,"column":77},"end":{"line":55,"column":86}}]},"4":{"loc":{"start":{"line":57,"column":14},"end":{"line":57,"column":51}},"type":"cond-expr","locations":[{"start":{"line":57,"column":21},"end":{"line":57,"column":47}},{"start":{"line":57,"column":50},"end":{"line":57,"column":51}}]},"5":{"loc":{"start":{"line":58,"column":18},"end":{"line":58,"column":64}},"type":"cond-expr","locations":[{"start":{"line":58,"column":29},"end":{"line":58,"column":59}},{"start":{"line":58,"column":62},"end":{"line":58,"column":64}}]}},"s":{"0":1,"1":10,"2":10,"3":10,"4":1,"5":1,"6":9,"7":9,"8":1,"9":1,"10":8,"11":8,"12":7,"13":1,"14":1},"f":{"0":10},"b":{"0":[1,9],"1":[10,10,10],"2":[1,8],"3":[1,7],"4":[0,8],"5":[0,8]}}
,"D:\\Project\\Final\\CS3604-project\\src\\routes\\ticket.routes.ts": {"path":"D:\\Project\\Final\\CS3604-project\\src\\routes\\ticket.routes.ts","statementMap":{"0":{"start":{"line":6,"column":0},"end":{"line":6,"column":33}},"1":{"start":{"line":7,"column":0},"end":{"line":7,"column":68}},"2":{"start":{"line":13,"column":15},"end":{"line":13,"column":23}},"3":{"start":{"line":78,"column":0},"end":{"line":83,"column":2}},"4":{"start":{"line":87,"column":13},"end":{"line":87,"column":35}}},"fnMap":{},"branchMap":{},"s":{"0":1,"1":1,"2":1,"3":1,"4":1},"f":{},"b":{}}
,"D:\\Project\\Final\\CS3604-project\\src\\services\\ticket.service.ts": {"path":"D:\\Project\\Final\\CS3604-project\\src\\services\\ticket.service.ts","statementMap":{"0":{"start":{"line":6,"column":0},"end":{"line":6,"column":38}},"1":{"start":{"line":7,"column":0},"end":{"line":7,"column":29}},"2":{"start":{"line":8,"column":0},"end":{"line":8,"column":58}},"3":{"start":{"line":9,"column":0},"end":{"line":9,"column":37}},"4":{"start":{"line":12,"column":15},"end":{"line":12,"column":68}},"5":{"start":{"line":13,"column":11},"end":{"line":13,"column":57}},"6":{"start":{"line":16,"column":14},"end":{"line":19,"column":2}},"7":{"start":{"line":83,"column":21},"end":{"line":83,"column":43}},"8":{"start":{"line":84,"column":4},"end":{"line":87,"column":5}},"9":{"start":{"line":85,"column":6},"end":{"line":85,"column":54}},"10":{"start":{"line":86,"column":6},"end":{"line":86,"column":34}},"11":{"start":{"line":88,"column":4},"end":{"line":88,"column":53}},"12":{"start":{"line":91,"column":56},"end":{"line":91,"column":80}},"13":{"start":{"line":94,"column":17},"end":{"line":94,"column":33}},"14":{"start":{"line":95,"column":21},"end":{"line":95,"column":42}},"15":{"start":{"line":96,"column":19},"end":{"line":96,"column":40}},"16":{"start":{"line":99,"column":23},"end":{"line":99,"column":86}},"17":{"start":{"line":100,"column":24},"end":{"line":100,"column":87}},"18":{"start":{"line":101,"column":23},"end":{"line":101,"column":40}},"19":{"start":{"line":104,"column":22},"end":{"line":109,"column":6}},"20":{"start":{"line":110,"column":17},"end":{"line":110,"column":85}},"21":{"start":{"line":113,"column":31},"end":{"line":139,"column":6}},"22":{"start":{"line":114,"column":24},"end":{"line":114,"column":50}},"23":{"start":{"line":115,"column":20},"end":{"line":119,"column":9}},"24":{"start":{"line":115,"column":50},"end":{"line":119,"column":8}},"25":{"start":{"line":122,"column":28},"end":{"line":122,"column":83}},"26":{"start":{"line":123,"column":26},"end":{"line":123,"column":79}},"27":{"start":{"line":124,"column":6},"end":{"line":126,"column":7}},"28":{"start":{"line":125,"column":8},"end":{"line":125,"column":55}},"29":{"start":{"line":127,"column":43},"end":{"line":127,"column":110}},"30":{"start":{"line":129,"column":6},"end":{"line":138,"column":8}},"31":{"start":{"line":142,"column":23},"end":{"line":142,"column":55}},"32":{"start":{"line":143,"column":33},"end":{"line":151,"column":6}},"33":{"start":{"line":154,"column":4},"end":{"line":154,"column":32}},"34":{"start":{"line":156,"column":4},"end":{"line":156,"column":35}},"35":{"start":{"line":74,"column":0},"end":{"line":74,"column":13}}},"fnMap":{"0":{"name":"(anonymous_17)","decl":{"start":{"line":81,"column":9},"end":{"line":81,"column":15}},"loc":{"start":{"line":81,"column":58},"end":{"line":157,"column":null}}},"1":{"name":"(anonymous_19)","decl":{"start":{"line":113,"column":40},"end":{"line":113,"column":43}},"loc":{"start":{"line":113,"column":46},"end":{"line":139,"column":5}}},"2":{"name":"(anonymous_20)","decl":{"start":{"line":115,"column":34},"end":{"line":115,"column":35}},"loc":{"start":{"line":115,"column":50},"end":{"line":119,"column":8}}}},"branchMap":{"0":{"loc":{"start":{"line":84,"column":4},"end":{"line":87,"column":5}},"type":"if","locations":[{"start":{"line":84,"column":4},"end":{"line":87,"column":5}},{"start":{},"end":{}}]},"1":{"loc":{"start":{"line":94,"column":17},"end":{"line":94,"column":33}},"type":"binary-expr","locations":[{"start":{"line":94,"column":17},"end":{"line":94,"column":28}},{"start":{"line":94,"column":32},"end":{"line":94,"column":33}}]},"2":{"loc":{"start":{"line":95,"column":21},"end":{"line":95,"column":42}},"type":"binary-expr","locations":[{"start":{"line":95,"column":21},"end":{"line":95,"column":36}},{"start":{"line":95,"column":40},"end":{"line":95,"column":42}}]},"3":{"loc":{"start":{"line":117,"column":16},"end":{"line":117,"column":77}},"type":"cond-expr","locations":[{"start":{"line":117,"column":35},"end":{"line":117,"column":38}},{"start":{"line":117,"column":42},"end":{"line":117,"column":76}}]},"4":{"loc":{"start":{"line":117,"column":42},"end":{"line":117,"column":76}},"type":"cond-expr","locations":[{"start":{"line":117,"column":60},"end":{"line":117,"column":63}},{"start":{"line":117,"column":66},"end":{"line":117,"column":76}}]},"5":{"loc":{"start":{"line":124,"column":6},"end":{"line":126,"column":7}},"type":"if","locations":[{"start":{"line":124,"column":6},"end":{"line":126,"column":7}},{"start":{},"end":{}}]},"6":{"loc":{"start":{"line":127,"column":43},"end":{"line":127,"column":110}},"type":"cond-expr","locations":[{"start":{"line":127,"column":95},"end":{"line":127,"column":101}},{"start":{"line":127,"column":104},"end":{"line":127,"column":110}}]}},"s":{"0":1,"1":1,"2":1,"3":1,"4":1,"5":1,"6":1,"7":2,"8":2,"9":1,"10":1,"11":1,"12":1,"13":1,"14":1,"15":1,"16":1,"17":1,"18":1,"19":1,"20":1,"21":1,"22":0,"23":0,"24":0,"25":0,"26":0,"27":0,"28":0,"29":0,"30":0,"31":1,"32":1,"33":1,"34":1,"35":1},"f":{"0":2,"1":0,"2":0},"b":{"0":[1,1],"1":[1,0],"2":[1,0],"3":[0,0],"4":[0,0],"5":[0,0],"6":[0,0]}}
,"D:\\Project\\Final\\CS3604-project\\src\\utils\\query-builder.ts": {"path":"D:\\Project\\Final\\CS3604-project\\src\\utils\\query-builder.ts","statementMap":{"0":{"start":{"line":3,"column":0},"end":{"line":3,"column":16}},"1":{"start":{"line":4,"column":36},"end":{"line":4,"column":38}},"2":{"start":{"line":5,"column":29},"end":{"line":5,"column":31}},"3":{"start":{"line":7,"column":2},"end":{"line":10,"column":3}},"4":{"start":{"line":8,"column":4},"end":{"line":8,"column":45}},"5":{"start":{"line":9,"column":4},"end":{"line":9,"column":41}},"6":{"start":{"line":11,"column":2},"end":{"line":14,"column":3}},"7":{"start":{"line":12,"column":4},"end":{"line":12,"column":43}},"8":{"start":{"line":13,"column":4},"end":{"line":13,"column":39}},"9":{"start":{"line":15,"column":2},"end":{"line":18,"column":3}},"10":{"start":{"line":16,"column":4},"end":{"line":16,"column":47}},"11":{"start":{"line":17,"column":4},"end":{"line":17,"column":34}},"12":{"start":{"line":19,"column":2},"end":{"line":23,"column":3}},"13":{"start":{"line":20,"column":34},"end":{"line":20,"column":76}},"14":{"start":{"line":20,"column":62},"end":{"line":20,"column":65}},"15":{"start":{"line":21,"column":4},"end":{"line":21,"column":69}},"16":{"start":{"line":22,"column":4},"end":{"line":22,"column":43}},"17":{"start":{"line":24,"column":2},"end":{"line":26,"column":3}},"18":{"start":{"line":25,"column":4},"end":{"line":25,"column":71}},"19":{"start":{"line":28,"column":22},"end":{"line":28,"column":96}},"20":{"start":{"line":30,"column":22},"end":{"line":30,"column":24}},"21":{"start":{"line":31,"column":2},"end":{"line":47,"column":3}},"22":{"start":{"line":32,"column":4},"end":{"line":44,"column":5}},"23":{"start":{"line":34,"column":8},"end":{"line":34,"column":54}},"24":{"start":{"line":35,"column":8},"end":{"line":35,"column":14}},"25":{"start":{"line":37,"column":8},"end":{"line":37,"column":48}},"26":{"start":{"line":38,"column":8},"end":{"line":38,"column":14}},"27":{"start":{"line":40,"column":8},"end":{"line":40,"column":78}},"28":{"start":{"line":41,"column":8},"end":{"line":41,"column":14}},"29":{"start":{"line":43,"column":8},"end":{"line":43,"column":54}},"30":{"start":{"line":46,"column":4},"end":{"line":46,"column":50}},"31":{"start":{"line":49,"column":2},"end":{"line":49,"column":53}}},"fnMap":{"0":{"name":"buildTicketQuery","decl":{"start":{"line":3,"column":16},"end":{"line":3,"column":32}},"loc":{"start":{"line":3,"column":53},"end":{"line":50,"column":1}}},"1":{"name":"(anonymous_1)","decl":{"start":{"line":20,"column":56},"end":{"line":20,"column":59}},"loc":{"start":{"line":20,"column":62},"end":{"line":20,"column":65}}}},"branchMap":{"0":{"loc":{"start":{"line":7,"column":2},"end":{"line":10,"column":3}},"type":"if","locations":[{"start":{"line":7,"column":2},"end":{"line":10,"column":3}},{"start":{},"end":{}}]},"1":{"loc":{"start":{"line":11,"column":2},"end":{"line":14,"column":3}},"type":"if","locations":[{"start":{"line":11,"column":2},"end":{"line":14,"column":3}},{"start":{},"end":{}}]},"2":{"loc":{"start":{"line":15,"column":2},"end":{"line":18,"column":3}},"type":"if","locations":[{"start":{"line":15,"column":2},"end":{"line":18,"column":3}},{"start":{},"end":{}}]},"3":{"loc":{"start":{"line":19,"column":2},"end":{"line":23,"column":3}},"type":"if","locations":[{"start":{"line":19,"column":2},"end":{"line":23,"column":3}},{"start":{},"end":{}}]},"4":{"loc":{"start":{"line":19,"column":6},"end":{"line":19,"column":55}},"type":"binary-expr","locations":[{"start":{"line":19,"column":6},"end":{"line":19,"column":23}},{"start":{"line":19,"column":27},"end":{"line":19,"column":55}}]},"5":{"loc":{"start":{"line":24,"column":2},"end":{"line":26,"column":3}},"type":"if","locations":[{"start":{"line":24,"column":2},"end":{"line":26,"column":3}},{"start":{},"end":{}}]},"6":{"loc":{"start":{"line":28,"column":22},"end":{"line":28,"column":96}},"type":"cond-expr","locations":[{"start":{"line":28,"column":51},"end":{"line":28,"column":91}},{"start":{"line":28,"column":94},"end":{"line":28,"column":96}}]},"7":{"loc":{"start":{"line":31,"column":2},"end":{"line":47,"column":3}},"type":"if","locations":[{"start":{"line":31,"column":2},"end":{"line":47,"column":3}},{"start":{"line":45,"column":9},"end":{"line":47,"column":3}}]},"8":{"loc":{"start":{"line":32,"column":4},"end":{"line":44,"column":5}},"type":"switch","locations":[{"start":{"line":33,"column":6},"end":{"line":35,"column":14}},{"start":{"line":36,"column":6},"end":{"line":38,"column":14}},{"start":{"line":39,"column":6},"end":{"line":41,"column":14}},{"start":{"line":42,"column":6},"end":{"line":43,"column":54}}]}},"s":{"0":1,"1":1,"2":1,"3":1,"4":1,"5":1,"6":1,"7":1,"8":1,"9":1,"10":1,"11":1,"12":1,"13":0,"14":0,"15":0,"16":0,"17":1,"18":0,"19":1,"20":1,"21":1,"22":0,"23":0,"24":0,"25":0,"26":0,"27":0,"28":0,"29":0,"30":1,"31":1},"f":{"0":1,"1":0},"b":{"0":[1,0],"1":[1,0],"2":[1,0],"3":[0,1],"4":[1,0],"5":[0,1],"6":[1,0],"7":[0,1],"8":[0,0,0,0]}}
}
