TN:
SF:src\app.ts
FN:11,(anonymous_1)
FNF:1
FNH:1
FNDA:1,(anonymous_1)
DA:1,1
DA:2,1
DA:4,1
DA:5,1
DA:8,1
DA:11,1
DA:12,1
DA:13,1
DA:16,1
LF:9
LH:9
BRF:0
BRH:0
end_of_record
TN:
SF:src\controllers\ticket.controller.ts
FN:32,(anonymous_7)
FNF:1
FNH:1
FNDA:10,(anonymous_7)
DA:7,1
DA:22,1
DA:33,10
DA:35,10
DA:38,10
DA:39,1
DA:40,1
DA:44,9
DA:45,9
DA:46,1
DA:47,1
DA:51,8
DA:62,8
DA:65,7
DA:68,1
LF:15
LH:15
BRDA:38,0,0,1
BRDA:38,0,1,9
BRDA:38,1,0,10
BRDA:38,1,1,10
BRDA:38,1,2,10
BRDA:45,2,0,1
BRDA:45,2,1,8
BRDA:55,3,0,1
BRDA:55,3,1,7
BRDA:57,4,0,0
BRDA:57,4,1,8
BRDA:58,5,0,0
BRDA:58,5,1,8
BRF:13
BRH:11
end_of_record
TN:
SF:src\routes\ticket.routes.ts
FNF:0
FNH:0
DA:6,1
DA:7,1
DA:13,1
DA:78,1
DA:87,1
LF:5
LH:5
BRF:0
BRH:0
end_of_record
TN:
SF:src\services\ticket.service.ts
FN:81,(anonymous_17)
FN:113,(anonymous_19)
FN:115,(anonymous_20)
FNF:3
FNH:1
FNDA:2,(anonymous_17)
FNDA:0,(anonymous_19)
FNDA:0,(anonymous_20)
DA:6,1
DA:7,1
DA:8,1
DA:9,1
DA:12,1
DA:13,1
DA:16,1
DA:74,1
DA:83,2
DA:84,2
DA:85,1
DA:86,1
DA:88,1
DA:91,1
DA:94,1
DA:95,1
DA:96,1
DA:99,1
DA:100,1
DA:101,1
DA:104,1
DA:110,1
DA:113,1
DA:114,0
DA:115,0
DA:122,0
DA:123,0
DA:124,0
DA:125,0
DA:127,0
DA:129,0
DA:142,1
DA:143,1
DA:154,1
DA:156,1
LF:35
LH:27
BRDA:84,0,0,1
BRDA:84,0,1,1
BRDA:94,1,0,1
BRDA:94,1,1,0
BRDA:95,2,0,1
BRDA:95,2,1,0
BRDA:117,3,0,0
BRDA:117,3,1,0
BRDA:117,4,0,0
BRDA:117,4,1,0
BRDA:124,5,0,0
BRDA:124,5,1,0
BRDA:127,6,0,0
BRDA:127,6,1,0
BRF:14
BRH:4
end_of_record
TN:
SF:src\utils\query-builder.ts
FN:3,buildTicketQuery
FN:20,(anonymous_1)
FNF:2
FNH:1
FNDA:1,buildTicketQuery
FNDA:0,(anonymous_1)
DA:3,1
DA:4,1
DA:5,1
DA:7,1
DA:8,1
DA:9,1
DA:11,1
DA:12,1
DA:13,1
DA:15,1
DA:16,1
DA:17,1
DA:19,1
DA:20,0
DA:21,0
DA:22,0
DA:24,1
DA:25,0
DA:28,1
DA:30,1
DA:31,1
DA:32,0
DA:34,0
DA:35,0
DA:37,0
DA:38,0
DA:40,0
DA:41,0
DA:43,0
DA:46,1
DA:49,1
LF:31
LH:19
BRDA:7,0,0,1
BRDA:7,0,1,0
BRDA:11,1,0,1
BRDA:11,1,1,0
BRDA:15,2,0,1
BRDA:15,2,1,0
BRDA:19,3,0,0
BRDA:19,3,1,1
BRDA:19,4,0,1
BRDA:19,4,1,0
BRDA:24,5,0,0
BRDA:24,5,1,1
BRDA:28,6,0,1
BRDA:28,6,1,0
BRDA:31,7,0,0
BRDA:31,7,1,1
BRDA:32,8,0,0
BRDA:32,8,1,0
BRDA:32,8,2,0
BRDA:32,8,3,0
BRF:20
BRH:8
end_of_record
